3x5x2 seed=0 status=solved ratio=1.159516053679357 runtime=0.064s
3x5x2 seed=6 status=solved ratio=1.1121749910856868 runtime=0.019s
3x5x2 seed=4 status=solved ratio=NA runtime=0.040s
3x5x2 seed=8 status=solved ratio=1.076639048655389 runtime=0.030s
3x5x2 seed=7 status=solved ratio=1.0431580643425307 runtime=0.041s
3x5x2 seed=3 status=solved ratio=1.0175205384797463 runtime=0.095s
4x5x2 seed=7 status=solved ratio=1.0398373249681485 runtime=0.138s
3x5x2 seed=9 status=solved ratio=1.016674173696976 runtime=0.288s
3x5x2 seed=1 status=solved ratio=1.0160482078520743 runtime=0.570s
4x5x2 seed=8 status=solved ratio=1.0206125966571966 runtime=0.607s
4x5x2 seed=2 status=solved ratio=1.0735105108525325 runtime=0.679s
4x6x2 seed=6 status=solved ratio=1.0581161682204159 runtime=0.022s
4x6x2 seed=4 status=solved ratio=1.0778114521206992 runtime=0.186s
3x5x2 seed=2 status=solved ratio=1.0706571941774476 runtime=0.832s
4x5x2 seed=0 status=solved ratio=1.069715652401569 runtime=1.543s
4x6x2 seed=7 status=solved ratio=1.0186022399416157 runtime=1.495s
4x6x2 seed=3 status=solved ratio=1.1741116503060147 runtime=2.062s
4x6x2 seed=9 status=solved ratio=1.1751852028936367 runtime=1.575s
4x6x2 seed=0 status=solved ratio=1.074327170692523 runtime=4.678s
4x5x2 seed=6 status=solved ratio=1.0156882537628011 runtime=5.186s
4x5x2 seed=9 status=solved ratio=1.0993777228407378 runtime=8.373s
4x5x2 seed=5 status=solved ratio=1.0539508361453236 runtime=9.228s
4x6x2 seed=5 status=solved ratio=1.0686140023934367 runtime=12.129s
3x5x2 seed=5 status=solved ratio=1.059798044936488 runtime=13.735s
5x5x2 seed=2 status=solved ratio=1.0008192271109293 runtime=30.081s
5x5x2 seed=1 status=solved ratio=1.0314438659700222 runtime=36.233s
5x5x2 seed=9 status=solved ratio=1.0791477107232028 runtime=37.611s
4x6x2 seed=1 status=solved ratio=1.138632101446009 runtime=86.819s
4x5x2 seed=4 status=solved ratio=1.0450342663638734 runtime=92.989s
4x5x2 seed=1 status=solved ratio=1.0079847044262695 runtime=118.099s
4x6x2 seed=8 status=solved ratio=1.0252569080078233 runtime=232.468s
4x5x2 seed=3 status=timeout ratio=NA runtime=300.002s
4x6x2 seed=2 status=timeout ratio=NA runtime=300.026s
5x5x2 seed=0 status=timeout ratio=NA runtime=300.000s
5x5x2 seed=3 status=timeout ratio=NA runtime=300.096s
5x5x2 seed=4 status=timeout ratio=NA runtime=300.238s
5x5x2 seed=5 status=timeout ratio=NA runtime=300.004s
5x5x2 seed=6 status=timeout ratio=NA runtime=300.002s
5x5x2 seed=7 status=timeout ratio=NA runtime=300.003s
5x5x2 seed=8 status=timeout ratio=NA runtime=300.122s
5x8x3 seed=0 status=timeout ratio=NA runtime=300.092s
5x8x3 seed=1 status=timeout ratio=NA runtime=300.001s
5x8x3 seed=2 status=timeout ratio=NA runtime=300.003s
5x8x3 seed=3 status=timeout ratio=NA runtime=300.005s
5x8x3 seed=4 status=timeout ratio=NA runtime=300.003s
5x8x3 seed=5 status=timeout ratio=NA runtime=300.072s
5x8x3 seed=6 status=timeout ratio=NA runtime=300.031s
5x8x3 seed=7 status=timeout ratio=NA runtime=300.022s
5x8x3 seed=8 status=timeout ratio=NA runtime=300.002s
5x8x3 seed=9 status=timeout ratio=NA runtime=300.001s
Saved raw results: paper_data\small_scale_opt_reference_300s\raw.csv
Saved summary: paper_data\small_scale_opt_reference_300s\summary.csv
Saved LaTeX rows: paper_data\small_scale_opt_reference_300s\small_scale_opt_reference_table.tex
