Prepared 1560 runs | section=all | experiments=load,length,reliability | regions=Alabama,Arizona | seeds=1,2,3,4,5 | use_current_python=False | max_workers=4 | mean_service_time=9.0 | cap_scale=0.2
[25/1560] mdca/load/Alabama/MDCA/seed5 status=ran run_s=2.8 eta_min=19.5
[50/1560] mdca/load/Alabama/DTSP/seed5 status=ran run_s=2.8 eta_min=18.1
[75/1560] mdca/load/Alabama/HSPA/seed5 status=ran run_s=2.9 eta_min=18.1
[100/1560] mdca/load/Alabama/Random/seed5 status=ran run_s=3.4 eta_min=18.3
[125/1560] mdca/load/Alabama/MDCA/seed5 status=ran run_s=3.4 eta_min=18.4
[150/1560] mdca/load/Alabama/DTSP/seed5 status=ran run_s=3.3 eta_min=18.3
[175/1560] mdca/load/Alabama/HSPA/seed5 status=ran run_s=3.4 eta_min=18.3
[200/1560] mdca/load/Alabama/Random/seed5 status=ran run_s=3.8 eta_min=18.4
[225/1560] mdca/load/Arizona/MDCA/seed5 status=ran run_s=3.5 eta_min=18.2
[250/1560] mdca/load/Arizona/DTSP/seed5 status=ran run_s=3.7 eta_min=18.1
[275/1560] mdca/load/Arizona/HSPA/seed5 status=ran run_s=3.7 eta_min=17.9
[300/1560] mdca/load/Arizona/MDCA/seed1 status=ran run_s=6.2 eta_min=18.8
[325/1560] mdca/load/Arizona/MDCA/seed5 status=ran run_s=6.3 eta_min=19.5
[350/1560] mdca/load/Arizona/DTSP/seed5 status=ran run_s=6.1 eta_min=20.0
[375/1560] mdca/load/Arizona/HSPA/seed5 status=ran run_s=6.4 eta_min=20.6
[400/1560] mdca/length/Alabama/MDCA/seed1 status=ran run_s=3.4 eta_min=21.2
[425/1560] mdca/length/Alabama/MDCA/seed5 status=ran run_s=3.7 eta_min=20.5
[450/1560] mdca/length/Alabama/DTSP/seed5 status=ran run_s=4.1 eta_min=19.9
[475/1560] mdca/length/Alabama/HSPA/seed5 status=ran run_s=4.2 eta_min=19.5
[500/1560] mdca/length/Alabama/Random/seed5 status=ran run_s=5.0 eta_min=19.2
[525/1560] mdca/length/Arizona/MDCA/seed5 status=ran run_s=4.5 eta_min=18.8
[550/1560] mdca/length/Arizona/DTSP/seed5 status=ran run_s=4.9 eta_min=18.5
[575/1560] mdca/length/Arizona/HSPA/seed5 status=ran run_s=5.2 eta_min=18.1
[600/1560] mdca/length/Arizona/MDCA/seed1 status=ran run_s=6.7 eta_min=18.1
[625/1560] mdca/length/Arizona/MDCA/seed4 status=ran run_s=7.2 eta_min=17.9
[650/1560] mdca/reliability/Alabama/DTSP/seed5 status=ran run_s=3.7 eta_min=17.6
[675/1560] mdca/reliability/Alabama/HSPA/seed5 status=ran run_s=3.6 eta_min=16.9
[700/1560] mdca/reliability/Alabama/Random/seed5 status=ran run_s=4.1 eta_min=16.4
[725/1560] mdca/reliability/Alabama/MDCA/seed5 status=ran run_s=3.9 eta_min=15.8
[750/1560] mdca/reliability/Alabama/DTSP/seed5 status=ran run_s=3.8 eta_min=15.3
[775/1560] mdca/reliability/Alabama/HSPA/seed5 status=ran run_s=3.7 eta_min=14.7
[800/1560] mdca/reliability/Alabama/Random/seed5 status=ran run_s=4.2 eta_min=14.2
[825/1560] mdca/reliability/Alabama/MDCA/seed5 status=ran run_s=3.9 eta_min=13.7
[850/1560] mdca/reliability/Arizona/DTSP/seed5 status=ran run_s=4.6 eta_min=13.2
[875/1560] mdca/reliability/Arizona/HSPA/seed5 status=ran run_s=4.8 eta_min=12.8
[900/1560] mdca/reliability/Arizona/MDCA/seed1 status=ran run_s=4.8 eta_min=12.4
[925/1560] mdca/reliability/Arizona/MDCA/seed5 status=ran run_s=4.9 eta_min=11.9
[950/1560] mdca/reliability/Arizona/DTSP/seed5 status=ran run_s=4.9 eta_min=11.5
[975/1560] mdca/reliability/Arizona/HSPA/seed5 status=ran run_s=5.0 eta_min=11.1
[1000/1560] mdca/reliability/Arizona/MDCA/seed1 status=ran run_s=5.0 eta_min=10.7
[1025/1560] mdca/reliability/Arizona/MDCA/seed5 status=ran run_s=5.2 eta_min=10.2
[1050/1560] dmdca/load/Alabama/DMDCA/seed5 status=ran run_s=3.4 eta_min=9.7
[1075/1560] dmdca/load/Alabama/MDCA/seed5 status=ran run_s=4.1 eta_min=9.2
[1100/1560] dmdca/load/Alabama/DMDCA/seed5 status=ran run_s=5.0 eta_min=8.7
[1125/1560] dmdca/load/Alabama/MDCA/seed5 status=ran run_s=5.0 eta_min=8.3
[1150/1560] dmdca/load/Arizona/DMDCA/seed5 status=ran run_s=4.6 eta_min=7.8
[1175/1560] dmdca/load/Arizona/MDCA/seed4 status=ran run_s=5.5 eta_min=7.4
[1200/1560] dmdca/load/Arizona/DMDCA/seed5 status=ran run_s=6.4 eta_min=6.9
[1225/1560] dmdca/load/Arizona/MDCA/seed5 status=ran run_s=6.8 eta_min=6.5
[1250/1560] dmdca/length/Alabama/DMDCA/seed5 status=ran run_s=3.4 eta_min=6.1
[1275/1560] dmdca/length/Alabama/MDCA/seed5 status=ran run_s=4.4 eta_min=5.6
[1300/1560] dmdca/length/Alabama/DMDCA/seed5 status=ran run_s=5.8 eta_min=5.1
[1325/1560] dmdca/length/Arizona/MDCA/seed5 status=ran run_s=5.2 eta_min=4.6
[1350/1560] dmdca/length/Arizona/DMDCA/seed5 status=ran run_s=7.1 eta_min=4.1
[1375/1560] dmdca/reliability/Alabama/MDCA/seed5 status=ran run_s=3.7 eta_min=3.6
[1400/1560] dmdca/reliability/Alabama/DMDCA/seed5 status=ran run_s=4.1 eta_min=3.1
[1425/1560] dmdca/reliability/Alabama/MDCA/seed5 status=ran run_s=3.8 eta_min=2.6
[1450/1560] dmdca/reliability/Alabama/MDCA/seed1 status=ran run_s=3.9 eta_min=2.1
[1475/1560] dmdca/reliability/Arizona/MDCA/seed4 status=ran run_s=4.9 eta_min=1.7
[1500/1560] dmdca/reliability/Arizona/DMDCA/seed5 status=ran run_s=4.9 eta_min=1.2
[1525/1560] dmdca/reliability/Arizona/MDCA/seed5 status=ran run_s=4.9 eta_min=0.7
[1550/1560] dmdca/reliability/Arizona/MDCA/seed1 status=ran run_s=4.9 eta_min=0.2
[1560/1560] dmdca/reliability/Arizona/DMDCA/seed5 status=ran run_s=4.4 eta_min=0.0
Saved raw metrics: D:\Study\Code_1\paper_data\full_online_runs\raw_metrics_long.csv
Saved fairness report: D:\Study\Code_1\paper_data\full_online_runs\fairness_checks.csv
Saved summary metrics: D:\Study\Code_1\paper_data\full_online_runs\summary_metrics.csv

